[19-12-2022 22:24] move_uploaded_file(./images/c162f8e9ec2488025f7307a2f7bc51a13c1fc914.jpg): Failed to open stream: Permission denied on line 55 of /Applications/XAMPP/xamppfiles/htdocs/PRG02-2022-2023/advanced/week5/assignment/includes/classes/System/Utils/Image.php
[19-12-2022 22:25] Attempt to read property "artist" on bool on line 18 of /Applications/XAMPP/xamppfiles/htdocs/PRG02-2022-2023/advanced/week5/assignment/includes/templates/album/detail.php
[19-12-2022 22:30] DB Error: ID 40 is not available in the table albums on line 176 of /Applications/XAMPP/xamppfiles/htdocs/PRG02-2022-2023/advanced/week5/assignment/includes/classes/System/Databases/BaseObject.php
[19-12-2022 22:30] Attempt to read property "artist" on bool on line 23 of /Applications/XAMPP/xamppfiles/htdocs/PRG02-2022-2023/advanced/week5/assignment/includes/templates/album/edit.php
[19-12-2022 22:30] DB Error: ID 40 is not available in the table albums on line 176 of /Applications/XAMPP/xamppfiles/htdocs/PRG02-2022-2023/advanced/week5/assignment/includes/classes/System/Databases/BaseObject.php
[19-12-2022 22:31] DB Error: ID 14 is not available in the table albums on line 176 of /Applications/XAMPP/xamppfiles/htdocs/PRG02-2022-2023/advanced/week5/assignment/includes/classes/System/Databases/BaseObject.php
[19-12-2022 22:31] Undefined array key "id" on line 93 of /Applications/XAMPP/xamppfiles/htdocs/PRG02-2022-2023/advanced/week5/assignment/includes/classes/System/Handlers/AlbumHandler.php
[19-12-2022 22:32] DB Error: ID 14 is not available in the table albums on line 176 of /Applications/XAMPP/xamppfiles/htdocs/PRG02-2022-2023/advanced/week5/assignment/includes/classes/System/Databases/BaseObject.php
[19-12-2022 22:32] Undefined array key "id" on line 93 of /Applications/XAMPP/xamppfiles/htdocs/PRG02-2022-2023/advanced/week5/assignment/includes/classes/System/Handlers/AlbumHandler.php
[19-12-2022 22:33] Undefined array key "id" on line 93 of /Applications/XAMPP/xamppfiles/htdocs/PRG02-2022-2023/advanced/week5/assignment/includes/classes/System/Handlers/AlbumHandler.php
[19-12-2022 22:33] Undefined array key "id" on line 93 of /Applications/XAMPP/xamppfiles/htdocs/PRG02-2022-2023/advanced/week5/assignment/includes/classes/System/Handlers/AlbumHandler.php
[19-12-2022 22:33] Undefined array key "id" on line 93 of /Applications/XAMPP/xamppfiles/htdocs/PRG02-2022-2023/advanced/week5/assignment/includes/classes/System/Handlers/AlbumHandler.php
[19-12-2022 22:33] Undefined array key "id" on line 93 of /Applications/XAMPP/xamppfiles/htdocs/PRG02-2022-2023/advanced/week5/assignment/includes/classes/System/Handlers/AlbumHandler.php
[19-12-2022 22:33] Undefined array key "id" on line 93 of /Applications/XAMPP/xamppfiles/htdocs/PRG02-2022-2023/advanced/week5/assignment/includes/classes/System/Handlers/AlbumHandler.php
[19-12-2022 22:35] Undefined array key "id" on line 140 of /Applications/XAMPP/xamppfiles/htdocs/PRG02-2022-2023/advanced/week5/assignment/includes/classes/System/Handlers/AlbumHandler.php
[19-12-2022 22:35] Undefined array key "id" on line 140 of /Applications/XAMPP/xamppfiles/htdocs/PRG02-2022-2023/advanced/week5/assignment/includes/classes/System/Handlers/AlbumHandler.php
[19-12-2022 22:36] Undefined array key "id" on line 140 of /Applications/XAMPP/xamppfiles/htdocs/PRG02-2022-2023/advanced/week5/assignment/includes/classes/System/Handlers/AlbumHandler.php
[19-12-2022 22:36] DB Error: ID 1000 is not available in the table albums on line 176 of /Applications/XAMPP/xamppfiles/htdocs/PRG02-2022-2023/advanced/week5/assignment/includes/classes/System/Databases/BaseObject.php
[19-12-2022 22:37] Undefined array key "id" on line 93 of /Applications/XAMPP/xamppfiles/htdocs/PRG02-2022-2023/advanced/week5/assignment/includes/classes/System/Handlers/AlbumHandler.php
[19-12-2022 22:37] DB Error: ID 14 is not available in the table albums on line 176 of /Applications/XAMPP/xamppfiles/htdocs/PRG02-2022-2023/advanced/week5/assignment/includes/classes/System/Databases/BaseObject.php
[19-12-2022 22:38] Undefined array key "id" on line 162 of /Applications/XAMPP/xamppfiles/htdocs/PRG02-2022-2023/advanced/week5/assignment/includes/classes/System/Handlers/AlbumHandler.php
[19-12-2022 22:39] DB Error: ID 170 is not available in the table albums on line 176 of /Applications/XAMPP/xamppfiles/htdocs/PRG02-2022-2023/advanced/week5/assignment/includes/classes/System/Databases/BaseObject.php
[20-12-2022 10:59] DB Error: ID 100 is not available in the table albums on line 176 of /Applications/XAMPP/xamppfiles/htdocs/PRG02-2022-2023/advanced/week5/assignment/includes/classes/System/Databases/BaseObject.php
[14-01-2024 22:24] DB Connection failed: SQLSTATE[HY000] [1049] Unknown database 'music_collection_users' on line 50 of C:\xampp\htdocs\project\blog\includes\classes\System\Databases\Database.php
[14-01-2024 22:25] SQLSTATE[42S02]: Base table or view not found: 1146 Table 'blog.albums' doesn't exist on line 159 of C:\xampp\htdocs\project\blog\includes\classes\System\Databases\BaseObject.php
[14-01-2024 22:25] SQLSTATE[42S02]: Base table or view not found: 1146 Table 'blog.albums' doesn't exist on line 159 of C:\xampp\htdocs\project\blog\includes\classes\System\Databases\BaseObject.php
[14-01-2024 22:32] Class \System\Handlers\BlogHandler does not exist! on line 57 of C:\xampp\htdocs\project\blog\includes\classes\System\Bootstrap\WebBootstrap.php
[14-01-2024 22:32] Class \System\Handlers\BlogHandler does not exist! on line 57 of C:\xampp\htdocs\project\blog\includes\classes\System\Bootstrap\WebBootstrap.php
[14-01-2024 22:38] SQLSTATE[42S02]: Base table or view not found: 1146 Table 'blog.users' doesn't exist on line 123 of C:\xampp\htdocs\project\blog\includes\classes\System\Databases\BaseObject.php
